\BOOKMARK [1][-]{abstract.1}{\376\377\000A\000b\000s\000t\000r\000a\000c\000t}{}% 1
\BOOKMARK [0][-]{toc.0}{\376\377\000C\000o\000n\000t\000e\000n\000t\000s}{}% 2
\BOOKMARK [0][-]{listoffigures}{\376\377\000L\000i\000s\000t\000\040\000o\000f\000\040\000F\000i\000g\000u\000r\000e\000s}{}% 3
\BOOKMARK [0][-]{listoftables}{\376\377\000L\000i\000s\000t\000\040\000o\000f\000\040\000T\000a\000b\000l\000e\000s}{}% 4
\BOOKMARK [0][-]{glossary}{\376\377\000G\000l\000o\000s\000s\000a\000r\000y}{}% 5
\BOOKMARK [0][-]{acronym}{\376\377\000A\000c\000r\000o\000n\000y\000m\000s}{}% 6
\BOOKMARK [0][-]{chapter.1}{\376\377\0001\000.\000\040\000I\000n\000t\000r\000o\000d\000u\000c\000c\000i\000\363\000n}{}% 7
\BOOKMARK [1][-]{section.1.1}{\376\377\0001\000.\0001\000.\000\040\000C\000o\000n\000t\000e\000x\000t\000o}{chapter.1}% 8
\BOOKMARK [1][-]{section.1.2}{\376\377\0001\000.\0002\000.\000\040\000P\000r\000o\000b\000l\000e\000m\000\341\000t\000i\000c\000a}{chapter.1}% 9
\BOOKMARK [1][-]{section.1.3}{\376\377\0001\000.\0003\000.\000\040\000J\000u\000s\000t\000i\000f\000i\000c\000a\000c\000i\000\363\000n}{chapter.1}% 10
\BOOKMARK [1][-]{section.1.4}{\376\377\0001\000.\0004\000.\000\040\000O\000b\000j\000e\000t\000i\000v\000o\000\040\000G\000e\000n\000e\000r\000a\000l}{chapter.1}% 11
\BOOKMARK [1][-]{section.1.5}{\376\377\0001\000.\0005\000.\000\040\000O\000b\000j\000e\000t\000i\000v\000o\000s\000\040\000E\000s\000p\000e\000c\000\355\000f\000i\000c\000o\000s}{chapter.1}% 12
\BOOKMARK [1][-]{section.1.6}{\376\377\0001\000.\0006\000.\000\040\000A\000l\000c\000a\000n\000c\000e}{chapter.1}% 13
\BOOKMARK [1][-]{section.1.7}{\376\377\0001\000.\0007\000.\000\040\000L\000i\000m\000i\000t\000a\000c\000i\000o\000n\000e\000s}{chapter.1}% 14
\BOOKMARK [0][-]{chapter.2}{\376\377\0002\000.\000\040\000M\000a\000r\000c\000o\000\040\000T\000e\000\363\000r\000i\000c\000o}{}% 15
\BOOKMARK [1][-]{section.2.1}{\376\377\0002\000.\0001\000.\000\040\000M\000e\000t\000o\000d\000o\000l\000o\000g\000\355\000a\000\040\000J\000e\000s\000s\000e\000\040\000J\000a\000m\000e\000s\000\040\000G\000a\000r\000r\000e\000t\000t}{chapter.2}% 16
\BOOKMARK [2][-]{subsection.2.1.1}{\376\377\0002\000.\0001\000.\0001\000.\000\040\000C\000o\000n\000t\000e\000x\000t\000o\000\040\000H\000i\000s\000t\000\363\000r\000i\000c\000o\000\040\000y\000\040\000F\000u\000n\000d\000a\000m\000e\000n\000t\000o\000s}{section.2.1}% 17
\BOOKMARK [2][-]{subsection.2.1.2}{\376\377\0002\000.\0001\000.\0002\000.\000\040\000L\000a\000s\000\040\000C\000i\000n\000c\000o\000\040\000C\000a\000p\000a\000s\000\040\000d\000e\000\040\000l\000a\000\040\000M\000e\000t\000o\000d\000o\000l\000o\000g\000\355\000a}{section.2.1}% 18
\BOOKMARK [2][-]{subsection.2.1.3}{\376\377\0002\000.\0001\000.\0003\000.\000\040\000V\000e\000n\000t\000a\000j\000a\000s\000\040\000y\000\040\000B\000e\000n\000e\000f\000i\000c\000i\000o\000s\000\040\000d\000e\000\040\000l\000a\000\040\000M\000e\000t\000o\000d\000o\000l\000o\000g\000\355\000a}{section.2.1}% 19
\BOOKMARK [2][-]{subsection.2.1.4}{\376\377\0002\000.\0001\000.\0004\000.\000\040\000A\000p\000l\000i\000c\000a\000c\000i\000\363\000n\000\040\000e\000n\000\040\000D\000e\000s\000a\000r\000r\000o\000l\000l\000o\000\040\000W\000e\000b\000\040\000M\000o\000d\000e\000r\000n\000o}{section.2.1}% 20
\BOOKMARK [1][-]{section.2.2}{\376\377\0002\000.\0002\000.\000\040\000A\000n\000g\000u\000l\000a\000r\000\040\0001\0009\000\040\000y\000\040\000T\000e\000c\000n\000o\000l\000o\000g\000\355\000a\000s\000\040\000A\000s\000o\000c\000i\000a\000d\000a\000s}{chapter.2}% 21
\BOOKMARK [2][-]{subsection.2.2.1}{\376\377\0002\000.\0002\000.\0001\000.\000\040\000A\000n\000g\000u\000l\000a\000r\000\040\0001\0009\000:\000\040\000F\000r\000a\000m\000e\000w\000o\000r\000k\000\040\000p\000a\000r\000a\000\040\000A\000p\000l\000i\000c\000a\000c\000i\000o\000n\000e\000s\000\040\000W\000e\000b\000\040\000M\000o\000d\000e\000r\000n\000a\000s}{section.2.2}% 22
\BOOKMARK [2][-]{subsection.2.2.2}{\376\377\0002\000.\0002\000.\0002\000.\000\040\000T\000y\000p\000e\000S\000c\000r\000i\000p\000t\000:\000\040\000L\000e\000n\000g\000u\000a\000j\000e\000\040\000d\000e\000\040\000P\000r\000o\000g\000r\000a\000m\000a\000c\000i\000\363\000n}{section.2.2}% 23
\BOOKMARK [2][-]{subsection.2.2.3}{\376\377\0002\000.\0002\000.\0003\000.\000\040\000S\000C\000S\000S\000:\000\040\000P\000r\000e\000p\000r\000o\000c\000e\000s\000a\000d\000o\000r\000\040\000d\000e\000\040\000C\000S\000S}{section.2.2}% 24
\BOOKMARK [2][-]{subsection.2.2.4}{\376\377\0002\000.\0002\000.\0004\000.\000\040\000R\000e\000a\000c\000t\000i\000v\000e\000\040\000F\000o\000r\000m\000s\000:\000\040\000G\000e\000s\000t\000i\000\363\000n\000\040\000d\000e\000\040\000F\000o\000r\000m\000u\000l\000a\000r\000i\000o\000s}{section.2.2}% 25
\BOOKMARK [2][-]{subsection.2.2.5}{\376\377\0002\000.\0002\000.\0005\000.\000\040\000A\000n\000g\000u\000l\000a\000r\000\040\000R\000o\000u\000t\000e\000r\000:\000\040\000N\000a\000v\000e\000g\000a\000c\000i\000\363\000n\000\040\000y\000\040\000E\000n\000r\000u\000t\000a\000m\000i\000e\000n\000t\000o}{section.2.2}% 26
\BOOKMARK [2][-]{subsection.2.2.6}{\376\377\0002\000.\0002\000.\0006\000.\000\040\000R\000x\000J\000S\000:\000\040\000P\000r\000o\000g\000r\000a\000m\000a\000c\000i\000\363\000n\000\040\000R\000e\000a\000c\000t\000i\000v\000a}{section.2.2}% 27
\BOOKMARK [1][-]{section.2.3}{\376\377\0002\000.\0003\000.\000\040\000I\000n\000t\000e\000g\000r\000a\000c\000i\000\363\000n\000\040\000d\000e\000\040\000M\000e\000t\000o\000d\000o\000l\000o\000g\000\355\000a\000\040\000U\000X\000\040\000y\000\040\000T\000e\000c\000n\000o\000l\000o\000g\000\355\000a}{chapter.2}% 28
\BOOKMARK [0][-]{chapter.3}{\376\377\0003\000.\000\040\000A\000n\000\341\000l\000i\000s\000i\000s\000\040\000y\000\040\000D\000i\000s\000e\000\361\000o\000\040\000d\000e\000l\000\040\000S\000i\000s\000t\000e\000m\000a}{}% 29
\BOOKMARK [1][-]{section.3.1}{\376\377\0003\000.\0001\000.\000\040\000A\000n\000\341\000l\000i\000s\000i\000s\000\040\000d\000e\000\040\000R\000e\000q\000u\000i\000s\000i\000t\000o\000s}{chapter.3}% 30
\BOOKMARK [2][-]{subsection.3.1.1}{\376\377\0003\000.\0001\000.\0001\000.\000\040\000R\000e\000q\000u\000i\000s\000i\000t\000o\000s\000\040\000F\000u\000n\000c\000i\000o\000n\000a\000l\000e\000s}{section.3.1}% 31
\BOOKMARK [2][-]{subsection.3.1.2}{\376\377\0003\000.\0001\000.\0002\000.\000\040\000R\000e\000q\000u\000i\000s\000i\000t\000o\000s\000\040\000N\000o\000\040\000F\000u\000n\000c\000i\000o\000n\000a\000l\000e\000s}{section.3.1}% 32
\BOOKMARK [1][-]{section.3.2}{\376\377\0003\000.\0002\000.\000\040\000A\000p\000l\000i\000c\000a\000c\000i\000\363\000n\000\040\000d\000e\000\040\000l\000a\000\040\000M\000e\000t\000o\000d\000o\000l\000o\000g\000\355\000a\000\040\000J\000e\000s\000s\000e\000\040\000J\000a\000m\000e\000s\000\040\000G\000a\000r\000r\000e\000t\000t}{chapter.3}% 33
\BOOKMARK [2][-]{subsection.3.2.1}{\376\377\0003\000.\0002\000.\0001\000.\000\040\000C\000a\000p\000a\000\040\0001\000:\000\040\000S\000t\000r\000a\000t\000e\000g\000y\000\040\000\050\000E\000s\000t\000r\000a\000t\000e\000g\000i\000a\000\051}{section.3.2}% 34
\BOOKMARK [2][-]{subsection.3.2.2}{\376\377\0003\000.\0002\000.\0002\000.\000\040\000C\000a\000p\000a\000\040\0002\000:\000\040\000S\000c\000o\000p\000e\000\040\000\050\000A\000l\000c\000a\000n\000c\000e\000\051}{section.3.2}% 35
\BOOKMARK [2][-]{subsection.3.2.3}{\376\377\0003\000.\0002\000.\0003\000.\000\040\000C\000a\000p\000a\000\040\0003\000:\000\040\000S\000t\000r\000u\000c\000t\000u\000r\000e\000\040\000\050\000E\000s\000t\000r\000u\000c\000t\000u\000r\000a\000\051}{section.3.2}% 36
\BOOKMARK [2][-]{subsection.3.2.4}{\376\377\0003\000.\0002\000.\0004\000.\000\040\000C\000a\000p\000a\000\040\0004\000:\000\040\000S\000k\000e\000l\000e\000t\000o\000n\000\040\000\050\000E\000s\000q\000u\000e\000l\000e\000t\000o\000\051}{section.3.2}% 37
\BOOKMARK [2][-]{subsection.3.2.5}{\376\377\0003\000.\0002\000.\0005\000.\000\040\000C\000a\000p\000a\000\040\0005\000:\000\040\000S\000u\000r\000f\000a\000c\000e\000\040\000\050\000S\000u\000p\000e\000r\000f\000i\000c\000i\000e\000\051}{section.3.2}% 38
\BOOKMARK [0][-]{chapter.4}{\376\377\0004\000.\000\040\000P\000r\000o\000c\000e\000s\000o\000\040\000d\000e\000\040\000D\000i\000s\000e\000\361\000o}{}% 39
\BOOKMARK [1][-]{section.4.1}{\376\377\0004\000.\0001\000.\000\040\000W\000i\000r\000e\000f\000r\000a\000m\000e\000s}{chapter.4}% 40
\BOOKMARK [1][-]{section.4.2}{\376\377\0004\000.\0002\000.\000\040\000P\000r\000o\000t\000o\000t\000i\000p\000o\000s\000\040\000d\000e\000\040\000B\000a\000j\000a\000\040\000F\000i\000d\000e\000l\000i\000d\000a\000d}{chapter.4}% 41
\BOOKMARK [1][-]{section.4.3}{\376\377\0004\000.\0003\000.\000\040\000M\000o\000c\000k\000u\000p\000s\000\040\000d\000e\000\040\000A\000l\000t\000a\000\040\000F\000i\000d\000e\000l\000i\000d\000a\000d}{chapter.4}% 42
\BOOKMARK [1][-]{section.4.4}{\376\377\0004\000.\0004\000.\000\040\000P\000r\000o\000t\000o\000t\000i\000p\000o\000s\000\040\000d\000e\000\040\000A\000l\000t\000a\000\040\000F\000i\000d\000e\000l\000i\000d\000a\000d}{chapter.4}% 43
\BOOKMARK [0][-]{chapter.5}{\376\377\0005\000.\000\040\000A\000r\000q\000u\000i\000t\000e\000c\000t\000u\000r\000a\000\040\000d\000e\000l\000\040\000S\000i\000s\000t\000e\000m\000a}{}% 44
\BOOKMARK [1][-]{section.5.1}{\376\377\0005\000.\0001\000.\000\040\000A\000r\000q\000u\000i\000t\000e\000c\000t\000u\000r\000a\000\040\000G\000e\000n\000e\000r\000a\000l}{chapter.5}% 45
\BOOKMARK [2][-]{subsection.5.1.1}{\376\377\0005\000.\0001\000.\0001\000.\000\040\000C\000o\000m\000p\000o\000n\000e\000n\000t\000e\000s\000\040\000P\000r\000i\000n\000c\000i\000p\000a\000l\000e\000s}{section.5.1}% 46
\BOOKMARK [1][-]{section.5.2}{\376\377\0005\000.\0002\000.\000\040\000T\000e\000c\000n\000o\000l\000o\000g\000\355\000a\000s\000\040\000U\000t\000i\000l\000i\000z\000a\000d\000a\000s}{chapter.5}% 47
\BOOKMARK [2][-]{subsection.5.2.1}{\376\377\0005\000.\0002\000.\0001\000.\000\040\000F\000r\000o\000n\000t\000e\000n\000d}{section.5.2}% 48
\BOOKMARK [2][-]{subsection.5.2.2}{\376\377\0005\000.\0002\000.\0002\000.\000\040\000H\000e\000r\000r\000a\000m\000i\000e\000n\000t\000a\000s\000\040\000d\000e\000\040\000D\000e\000s\000a\000r\000r\000o\000l\000l\000o}{section.5.2}% 49
\BOOKMARK [1][-]{section.5.3}{\376\377\0005\000.\0003\000.\000\040\000E\000s\000t\000r\000u\000c\000t\000u\000r\000a\000\040\000d\000e\000\040\000D\000i\000r\000e\000c\000t\000o\000r\000i\000o\000s}{chapter.5}% 50
\BOOKMARK [1][-]{section.5.4}{\376\377\0005\000.\0004\000.\000\040\000P\000a\000t\000r\000o\000n\000e\000s\000\040\000d\000e\000\040\000D\000i\000s\000e\000\361\000o}{chapter.5}% 51
\BOOKMARK [2][-]{subsection.5.4.1}{\376\377\0005\000.\0004\000.\0001\000.\000\040\000A\000r\000q\000u\000i\000t\000e\000c\000t\000u\000r\000a\000\040\000B\000a\000s\000a\000d\000a\000\040\000e\000n\000\040\000C\000o\000m\000p\000o\000n\000e\000n\000t\000e\000s}{section.5.4}% 52
\BOOKMARK [2][-]{subsection.5.4.2}{\376\377\0005\000.\0004\000.\0002\000.\000\040\000S\000e\000p\000a\000r\000a\000c\000i\000\363\000n\000\040\000d\000e\000\040\000R\000e\000s\000p\000o\000n\000s\000a\000b\000i\000l\000i\000d\000a\000d\000e\000s}{section.5.4}% 53
\BOOKMARK [1][-]{section.5.5}{\376\377\0005\000.\0005\000.\000\040\000M\000e\000t\000o\000d\000o\000l\000o\000g\000\355\000a\000\040\000J\000e\000s\000s\000e\000\040\000J\000a\000m\000e\000s\000\040\000G\000a\000r\000r\000e\000t\000t\000\040\000-\000\040\000C\000a\000p\000a\000\040\000d\000e\000\040\000E\000s\000q\000u\000e\000l\000e\000t\000o}{chapter.5}% 54
\BOOKMARK [0][-]{chapter.6}{\376\377\0006\000.\000\040\000I\000m\000p\000l\000e\000m\000e\000n\000t\000a\000c\000i\000\363\000n}{}% 55
\BOOKMARK [1][-]{section.6.1}{\376\377\0006\000.\0001\000.\000\040\000C\000o\000n\000f\000i\000g\000u\000r\000a\000c\000i\000\363\000n\000\040\000d\000e\000l\000\040\000E\000n\000t\000o\000r\000n\000o\000\040\000d\000e\000\040\000D\000e\000s\000a\000r\000r\000o\000l\000l\000o}{chapter.6}% 56
\BOOKMARK [2][-]{subsection.6.1.1}{\376\377\0006\000.\0001\000.\0001\000.\000\040\000I\000n\000s\000t\000a\000l\000a\000c\000i\000\363\000n\000\040\000d\000e\000\040\000A\000n\000g\000u\000l\000a\000r\000\040\0001\0009}{section.6.1}% 57
\BOOKMARK [2][-]{subsection.6.1.2}{\376\377\0006\000.\0001\000.\0002\000.\000\040\000E\000s\000t\000r\000u\000c\000t\000u\000r\000a\000\040\000d\000e\000l\000\040\000P\000r\000o\000y\000e\000c\000t\000o}{section.6.1}% 58
\BOOKMARK [1][-]{section.6.2}{\376\377\0006\000.\0002\000.\000\040\000D\000e\000s\000a\000r\000r\000o\000l\000l\000o\000\040\000d\000e\000\040\000C\000o\000m\000p\000o\000n\000e\000n\000t\000e\000s}{chapter.6}% 59
\BOOKMARK [2][-]{subsection.6.2.1}{\376\377\0006\000.\0002\000.\0001\000.\000\040\000C\000o\000m\000p\000o\000n\000e\000n\000t\000e\000\040\000H\000e\000a\000d\000e\000r}{section.6.2}% 60
\BOOKMARK [2][-]{subsection.6.2.2}{\376\377\0006\000.\0002\000.\0002\000.\000\040\000C\000o\000m\000p\000o\000n\000e\000n\000t\000e\000\040\000F\000o\000o\000t\000e\000r}{section.6.2}% 61
\BOOKMARK [1][-]{section.6.3}{\376\377\0006\000.\0003\000.\000\040\000I\000m\000p\000l\000e\000m\000e\000n\000t\000a\000c\000i\000\363\000n\000\040\000d\000e\000\040\000P\000\341\000g\000i\000n\000a\000s}{chapter.6}% 62
\BOOKMARK [2][-]{subsection.6.3.1}{\376\377\0006\000.\0003\000.\0001\000.\000\040\000P\000\341\000g\000i\000n\000a\000\040\000d\000e\000\040\000I\000n\000i\000c\000i\000o}{section.6.3}% 63
\BOOKMARK [2][-]{subsection.6.3.2}{\376\377\0006\000.\0003\000.\0002\000.\000\040\000P\000\341\000g\000i\000n\000a\000\040\000d\000e\000\040\000C\000o\000n\000t\000a\000c\000t\000o\000\040\000c\000o\000n\000\040\000F\000o\000r\000m\000u\000l\000a\000r\000i\000o\000s\000\040\000R\000e\000a\000c\000t\000i\000v\000o\000s}{section.6.3}% 64
\BOOKMARK [1][-]{section.6.4}{\376\377\0006\000.\0004\000.\000\040\000E\000s\000t\000i\000l\000o\000s\000\040\000y\000\040\000D\000i\000s\000e\000\361\000o\000\040\000R\000e\000s\000p\000o\000n\000s\000i\000v\000o}{chapter.6}% 65
\BOOKMARK [2][-]{subsection.6.4.1}{\376\377\0006\000.\0004\000.\0001\000.\000\040\000V\000a\000r\000i\000a\000b\000l\000e\000s\000\040\000S\000C\000S\000S}{section.6.4}% 66
\BOOKMARK [2][-]{subsection.6.4.2}{\376\377\0006\000.\0004\000.\0002\000.\000\040\000M\000i\000x\000i\000n\000s\000\040\000R\000e\000s\000p\000o\000n\000s\000i\000v\000o\000s}{section.6.4}% 67
\BOOKMARK [1][-]{section.6.5}{\376\377\0006\000.\0005\000.\000\040\000C\000o\000n\000f\000i\000g\000u\000r\000a\000c\000i\000\363\000n\000\040\000d\000e\000\040\000R\000u\000t\000a\000s}{chapter.6}% 68
\BOOKMARK [1][-]{section.6.6}{\376\377\0006\000.\0006\000.\000\040\000S\000e\000r\000v\000i\000c\000i\000o\000s\000\040\000y\000\040\000G\000e\000s\000t\000i\000\363\000n\000\040\000d\000e\000\040\000D\000a\000t\000o\000s}{chapter.6}% 69
\BOOKMARK [2][-]{subsection.6.6.1}{\376\377\0006\000.\0006\000.\0001\000.\000\040\000S\000e\000r\000v\000i\000c\000i\000o\000\040\000d\000e\000\040\000D\000a\000t\000o\000s}{section.6.6}% 70
\BOOKMARK [1][-]{section.6.7}{\376\377\0006\000.\0007\000.\000\040\000O\000p\000t\000i\000m\000i\000z\000a\000c\000i\000\363\000n\000\040\000y\000\040\000P\000e\000r\000f\000o\000r\000m\000a\000n\000c\000e}{chapter.6}% 71
\BOOKMARK [2][-]{subsection.6.7.1}{\376\377\0006\000.\0007\000.\0001\000.\000\040\000L\000a\000z\000y\000\040\000L\000o\000a\000d\000i\000n\000g}{section.6.7}% 72
\BOOKMARK [1][-]{section.6.8}{\376\377\0006\000.\0008\000.\000\040\000T\000e\000s\000t\000i\000n\000g\000\040\000y\000\040\000V\000a\000l\000i\000d\000a\000c\000i\000\363\000n}{chapter.6}% 73
\BOOKMARK [2][-]{subsection.6.8.1}{\376\377\0006\000.\0008\000.\0001\000.\000\040\000P\000r\000u\000e\000b\000a\000s\000\040\000U\000n\000i\000t\000a\000r\000i\000a\000s}{section.6.8}% 74
\BOOKMARK [1][-]{section.6.9}{\376\377\0006\000.\0009\000.\000\040\000B\000u\000i\000l\000d\000\040\000y\000\040\000D\000e\000s\000p\000l\000i\000e\000g\000u\000e}{chapter.6}% 75
\BOOKMARK [2][-]{subsection.6.9.1}{\376\377\0006\000.\0009\000.\0001\000.\000\040\000C\000o\000n\000f\000i\000g\000u\000r\000a\000c\000i\000\363\000n\000\040\000d\000e\000\040\000P\000r\000o\000d\000u\000c\000c\000i\000\363\000n}{section.6.9}% 76
\BOOKMARK [2][-]{subsection.6.9.2}{\376\377\0006\000.\0009\000.\0002\000.\000\040\000I\000n\000t\000e\000g\000r\000a\000c\000i\000\363\000n\000\040\000c\000o\000n\000\040\000l\000a\000\040\000M\000e\000t\000o\000d\000o\000l\000o\000g\000\355\000a\000\040\000d\000e\000\040\000J\000e\000s\000s\000e\000\040\000J\000a\000m\000e\000s\000\040\000G\000a\000r\000r\000e\000t\000t}{section.6.9}% 77
\BOOKMARK [1][-]{section.6.10}{\376\377\0006\000.\0001\0000\000.\000\040\000M\000\351\000t\000r\000i\000c\000a\000s\000\040\000d\000e\000\040\000I\000m\000p\000l\000e\000m\000e\000n\000t\000a\000c\000i\000\363\000n}{chapter.6}% 78
\BOOKMARK [2][-]{subsection.6.10.1}{\376\377\0006\000.\0001\0000\000.\0001\000.\000\040\000R\000e\000n\000d\000i\000m\000i\000e\000n\000t\000o\000\040\000L\000o\000g\000r\000a\000d\000o}{section.6.10}% 79
\BOOKMARK [2][-]{subsection.6.10.2}{\376\377\0006\000.\0001\0000\000.\0002\000.\000\040\000F\000u\000n\000c\000i\000o\000n\000a\000l\000i\000d\000a\000d\000e\000s\000\040\000I\000m\000p\000l\000e\000m\000e\000n\000t\000a\000d\000a\000s}{section.6.10}% 80
\BOOKMARK [0][-]{chapter.7}{\376\377\0007\000.\000\040\000C\000o\000n\000c\000l\000u\000s\000i\000o\000n\000e\000s\000\040\000y\000\040\000R\000e\000c\000o\000m\000e\000n\000d\000a\000c\000i\000o\000n\000e\000s}{}% 81
\BOOKMARK [1][-]{section.7.1}{\376\377\0007\000.\0001\000.\000\040\000C\000o\000n\000c\000l\000u\000s\000i\000o\000n\000e\000s}{chapter.7}% 82
\BOOKMARK [2][-]{subsection.7.1.1}{\376\377\0007\000.\0001\000.\0001\000.\000\040\000C\000u\000m\000p\000l\000i\000m\000i\000e\000n\000t\000o\000\040\000d\000e\000\040\000O\000b\000j\000e\000t\000i\000v\000o\000s}{section.7.1}% 83
\BOOKMARK [2][-]{subsection.7.1.2}{\376\377\0007\000.\0001\000.\0002\000.\000\040\000M\000e\000t\000o\000d\000o\000l\000o\000g\000\355\000a\000\040\000A\000p\000l\000i\000c\000a\000d\000a}{section.7.1}% 84
\BOOKMARK [2][-]{subsection.7.1.3}{\376\377\0007\000.\0001\000.\0003\000.\000\040\000T\000e\000c\000n\000o\000l\000o\000g\000\355\000a\000s\000\040\000U\000t\000i\000l\000i\000z\000a\000d\000a\000s}{section.7.1}% 85
\BOOKMARK [2][-]{subsection.7.1.4}{\376\377\0007\000.\0001\000.\0004\000.\000\040\000R\000e\000s\000u\000l\000t\000a\000d\000o\000s\000\040\000O\000b\000t\000e\000n\000i\000d\000o\000s}{section.7.1}% 86
\BOOKMARK [1][-]{section.7.2}{\376\377\0007\000.\0002\000.\000\040\000R\000e\000c\000o\000m\000e\000n\000d\000a\000c\000i\000o\000n\000e\000s}{chapter.7}% 87
\BOOKMARK [2][-]{subsection.7.2.1}{\376\377\0007\000.\0002\000.\0001\000.\000\040\000P\000a\000r\000a\000\040\000F\000u\000t\000u\000r\000o\000s\000\040\000D\000e\000s\000a\000r\000r\000o\000l\000l\000o\000s}{section.7.2}% 88
\BOOKMARK [2][-]{subsection.7.2.2}{\376\377\0007\000.\0002\000.\0002\000.\000\040\000M\000e\000j\000o\000r\000a\000s\000\040\000T\000\351\000c\000n\000i\000c\000a\000s}{section.7.2}% 89
\BOOKMARK [2][-]{subsection.7.2.3}{\376\377\0007\000.\0002\000.\0003\000.\000\040\000E\000s\000c\000a\000l\000a\000b\000i\000l\000i\000d\000a\000d\000\040\000y\000\040\000E\000v\000o\000l\000u\000c\000i\000\363\000n}{section.7.2}% 90
\BOOKMARK [2][-]{subsection.7.2.4}{\376\377\0007\000.\0002\000.\0004\000.\000\040\000M\000e\000t\000o\000d\000o\000l\000o\000g\000\355\000a\000\040\000y\000\040\000P\000r\000o\000c\000e\000s\000o\000s}{section.7.2}% 91
\BOOKMARK [1][-]{section.7.3}{\376\377\0007\000.\0003\000.\000\040\000I\000m\000p\000a\000c\000t\000o\000\040\000d\000e\000l\000\040\000P\000r\000o\000y\000e\000c\000t\000o}{chapter.7}% 92
